current directory: /home/hp/Desktop/user_profile/.gems/ruby/3.2.0/gems/websocket-driver-0.7.6/ext/websocket-driver
/usr/share/rvm/rubies/ruby-3.2.2/bin/ruby extconf.rb
creating Makefile

current directory: /home/hp/Desktop/user_profile/.gems/ruby/3.2.0/gems/websocket-driver-0.7.6/ext/websocket-driver
make DESTDIR\= sitearchdir\=./.gem.20230822-10922-p3mp05 sitelibdir\=./.gem.20230822-10922-p3mp05 clean

current directory: /home/hp/Desktop/user_profile/.gems/ruby/3.2.0/gems/websocket-driver-0.7.6/ext/websocket-driver
make DESTDIR\= sitearchdir\=./.gem.20230822-10922-p3mp05 sitelibdir\=./.gem.20230822-10922-p3mp05
compiling websocket_mask.c
websocket_mask.c: In function ‘Init_websocket_mask’:
websocket_mask.c:26:6: warning: old-style function definition [-Wold-style-definition]
   26 | void Init_websocket_mask()
      |      ^~~~~~~~~~~~~~~~~~~
websocket_mask.c: At top level:
cc1: note: unrecognized command-line option ‘-Wno-self-assign’ may have been intended to silence earlier diagnostics
cc1: note: unrecognized command-line option ‘-Wno-parentheses-equality’ may have been intended to silence earlier diagnostics
cc1: note: unrecognized command-line option ‘-Wno-constant-logical-operand’ may have been intended to silence earlier diagnostics
linking shared-object websocket_mask.so

current directory: /home/hp/Desktop/user_profile/.gems/ruby/3.2.0/gems/websocket-driver-0.7.6/ext/websocket-driver
make DESTDIR\= sitearchdir\=./.gem.20230822-10922-p3mp05 sitelibdir\=./.gem.20230822-10922-p3mp05 install
/usr/bin/install -m 0755 websocket_mask.so ./.gem.20230822-10922-p3mp05

current directory: /home/hp/Desktop/user_profile/.gems/ruby/3.2.0/gems/websocket-driver-0.7.6/ext/websocket-driver
make DESTDIR\= sitearchdir\=./.gem.20230822-10922-p3mp05 sitelibdir\=./.gem.20230822-10922-p3mp05 clean
